<?xml version="1.0" encoding="UTF-8"?>
<!-- Generated by org.testng.reporters.JUnitXMLReporter -->
<testsuite ignored="0" hostname="abdulraheemPC" failures="0" tests="4" name="Default test" time="27.754" errors="0" timestamp="2025-07-16T20:15:22 EET">
  <testcase classname="tests.UserTests" name="testSignup" time="6.649"/>
  <testcase classname="tests.UserTests" name="testLogout" time="2.018"/>
  <testcase classname="tests.UserTests" name="testLogin" time="3.338"/>
  <testcase classname="tests.UserTests" name="testAddToCartAndCheckout" time="10.994"/>
</testsuite> <!-- Default test -->
